2026-03-26 18:45:06,436 - INFO - request.py:36 - 【请求】POST https://conti-tcp-stage.merklechina.com/account/sms/send None
2026-03-26 18:45:06,436 - INFO - request.py:37 - 【headers】{'Content-Type': 'application/json', 'app-ver': '3.0.0', 'language': 'en_MY'}
2026-03-26 18:45:06,436 - INFO - request.py:38 - 【请求数据】{'accessId': 'access_id_3', 'accessKey': 'access_key_3', 'phone': '173003360'}
2026-03-26 18:45:06,879 - INFO - request.py:43 - 【响应码】200
2026-03-26 18:45:06,880 - INFO - request.py:44 - 【响应体】{'message': 'success', 'code': 0, 'success': True, 'data': '0321'}
2026-03-26 18:45:06,882 - INFO - request.py:36 - 【请求】POST https://conti-tcp-stage.merklechina.com/account/credential/consumer/login None
2026-03-26 18:45:06,883 - INFO - request.py:37 - 【headers】{'Content-Type': 'application/json', 'app-ver': '3.0.0', 'language': 'en_MY'}
2026-03-26 18:45:06,883 - INFO - request.py:38 - 【请求数据】{'accessId': 'access_id_3', 'accessKey': 'access_key_3', 'code': '0321', 'phone': '173003360'}
2026-03-26 18:45:07,353 - INFO - request.py:43 - 【响应码】200
2026-03-26 18:45:07,354 - INFO - request.py:44 - 【响应体】{'message': 'success', 'code': 0, 'success': True, 'data': {'token': 'Consumer_6d25318e-a7c9-4fef-a690-b5be34f0d788', 'role': 'CUSTOMER', 'customer': {'id': 15179412, 'createdAt': '2026-03-24T05:47:59Z', 'updatedAt': '2026-03-26T10:45:07Z', 'deletedAt': None, 'deleted': False, 'accountId': 3, 'firstName': None, 'lastName': None, 'name': None, 'email': None, 'phone': '173003360', 'workPhone': None, 'country': None, 'district': None, 'postalCode': None, 'address1': None, 'address2': None, 'status': 1, 'salt': None, 'password': None, 'avatar': None, 'externalCustomerId': None, 'channel': None, 'subChannel': None, 'subChannelDetail': None, 'isCompleteProfile': False, 'expoToken': None, 'birthDay': None, 'birthYear': None, 'gender': None, 'genderName': None, 'systemCreatedAt': '2026-03-24 05:47:59', 'enrolledAt': '2026-03-24T05:47:59Z', 'city': None, 'address': None, 'province': None, 'region': None, 'localLanguage': None, 'os': None, 'osVersion': None, 'appVersion': None, 'deviceDetail': None, 'userType': None, 'retailerId': None, 'expirationType': None, 'readPiiPolicy': None, 'loginAt': '2026-03-26 10:45:07', 'completeProfile': False}, 'retailer': None, 'retailerSubAccount': None, 'account': {'id': 3, 'country': 'MY', 'region': None, 'city': 'Malaysia', 'state': '', 'countryCode': 'MY', 'zip': '+8', 'description': 'Malaysia Account', 'logo': '+60', 'status': 0, 'address1': 'Malaysia', 'address2': 'Malaysia', 'website': '2 ss', 'timezone': '8.0'}, 'isIdentityBind': None}}
2026-03-26 18:45:09,793 - DEBUG - test_customer_main_flow.py:34 - =========vehicle_init{'id': None, 'manufacturer_id': 2095, 'model_id': 9000, 'plate_number': 'USJ5080', 'model_name': None, 'manufacturer_name': None, 'company_car': False}===========
2026-03-26 18:45:09,794 - INFO - request.py:36 - 【请求】POST https://conti-tcp-stage.merklechina.com/account/3/customer/add/vehicle None
2026-03-26 18:45:09,794 - INFO - request.py:37 - 【headers】{'Content-Type': 'application/json', 'app-ver': '3.0.0', 'language': 'en_MY', 'Authorization': 'Consumer_6d25318e-a7c9-4fef-a690-b5be34f0d788'}
2026-03-26 18:45:09,794 - INFO - request.py:38 - 【请求数据】{'customerId': 15179412, 'imageUrl': '', 'manufacturerId': 2095, 'modelId': 9000, 'plateNumber': 'USJ5080', 'modelName': None, 'manufacturerName': None, 'companyCar': False}
2026-03-26 18:45:10,120 - INFO - request.py:43 - 【响应码】200
2026-03-26 18:45:10,121 - INFO - request.py:44 - 【响应体】{'message': 'success', 'code': 0, 'success': True, 'data': {'id': 1530029, 'createdAt': '2026-03-26T10:45:10Z', 'updatedAt': '2026-03-26T10:45:10Z', 'deletedAt': None, 'deleted': False, 'accountId': 3, 'manufacturerId': 2095, 'modelId': 9000, 'categoryId': 2, 'plateNumber': 'USJ5080', 'imageUrl': '', 'customerId': 15179412, 'purchaseDate': None, 'categoryName': 'PASSENGER CAR', 'modelName': None, 'manufacturerName': None, 'type': None, 'configurationName': None, 'applicationName': None, 'plateHead': None, 'plateEnd': None, 'companyCar': False, 'tyreRegistrationItems': None, 'cases': None}}
2026-03-26 18:45:10,124 - INFO - extract.py:40 - 【数据提取】data.id = 1530029
2026-03-26 18:45:10,124 - DEBUG - test_customer_main_flow.py:38 - =========vehicle_id1530029===========
2026-03-26 18:45:10,124 - DEBUG - test_customer_main_flow.py:43 - =========vehicle{'id': None, 'manufacturer_id': 2095, 'model_id': 9000, 'plate_number': 'USJ5080', 'model_name': None, 'manufacturer_name': None, 'company_car': False}===========
2026-03-26 18:45:10,124 - INFO - request.py:36 - 【请求】POST https://conti-tcp-stage.merklechina.com/account/3/customer/register/tyre None
2026-03-26 18:45:10,124 - INFO - request.py:37 - 【headers】{'Content-Type': 'application/json', 'app-ver': '3.0.0', 'language': 'en_MY', 'Authorization': 'Consumer_6d25318e-a7c9-4fef-a690-b5be34f0d788'}
2026-03-26 18:45:10,125 - INFO - request.py:38 - 【请求数据】{'accountId': 3, 'appVersion': '1.9.14.56', 'comments': '', 'customerId': 15179412, 'customerName': None, 'customerVehicleId': None, 'deviceDetail': 'iOS', 'email': None, 'inviteCode': '', 'invoiceNumber': None, 'mileage': 59674, 'mileageImage': None, 'operatorId': 15179412, 'operatorType': 'CUSTOMER', 'os': 'ios', 'osVersion': '26.2', 'phone': '173003360', 'plateNumber': 'USJ5080', 'proofOfPurchase': 'https://d32iiblykc5ytf.cloudfront.net/case/20251218/bd704e7f-4b2e-4b26-bd51-3008e88b42ca.jpg', 'purchaseDate': '2026-03-23', 'registrationItems': [{'articleCode': '03113770000', 'dotWeek': '0126', 'initalMileage': 59674, 'internalProductId': None, 'origin': 'MY', 'plantCode': '1AF', 'productAspect': 60, 'brandName': 'Continental', 'productDot': '1AF0327RY', 'productId': '1111111113', 'productPattern': 'ComfortContact CC5', 'productRim': 17, 'productSection': 200, 'serialNumberImage': '', 'wheelPostion': '1'}, {'articleCode': '03113770000', 'dotWeek': '0126', 'initalMileage': 59674, 'internalProductId': None, 'origin': 'MY', 'plantCode': '1AF', 'productAspect': 50, 'brandName': 'Continental', 'productDot': '1AF0327RY', 'productId': '1111111117', 'productPattern': 'UltraContact UC6 SUV', 'productRim': 18, 'productSection': 195, 'serialNumberImage': '', 'wheelPostion': '2'}, {'articleCode': '03113770000', 'dotWeek': '0126', 'initalMileage': 59674, 'internalProductId': None, 'origin': 'MY', 'plantCode': '1AF', 'productAspect': 55, 'brandName': 'Continental', 'productDot': '1AF0327RY', 'productId': '1111111118', 'productPattern': 'SportContact 7', 'productRim': 19, 'productSection': 195, 'serialNumberImage': '', 'wheelPostion': '3'}], 'retailerId': 86206, 'retailerName': 'A.B.ENTERPRISES'}
2026-03-26 18:45:10,954 - INFO - request.py:43 - 【响应码】200
2026-03-26 18:45:10,954 - INFO - request.py:44 - 【响应体】{'message': 'Vehicle id, customer id and plate number mismatching!', 'code': 3023, 'success': False, 'data': None}
