2026-03-26 18:41:56,400 - INFO - request.py:36 - 【请求】POST https://conti-tcp-stage.merklechina.com/account/sms/send None
2026-03-26 18:41:56,400 - INFO - request.py:37 - 【headers】{'Content-Type': 'application/json', 'app-ver': '3.0.0', 'language': 'en_MY'}
2026-03-26 18:41:56,402 - INFO - request.py:38 - 【请求数据】{'accessId': 'access_id_3', 'accessKey': 'access_key_3', 'phone': '1712134944'}
2026-03-26 18:41:56,848 - INFO - request.py:43 - 【响应码】200
2026-03-26 18:41:56,848 - INFO - request.py:44 - 【响应体】{'message': 'success', 'code': 0, 'success': True, 'data': '0159'}
2026-03-26 18:41:56,849 - INFO - request.py:36 - 【请求】POST https://conti-tcp-stage.merklechina.com/account/credential/consumer/login None
2026-03-26 18:41:56,849 - INFO - request.py:37 - 【headers】{'Content-Type': 'application/json', 'app-ver': '3.0.0', 'language': 'en_MY'}
2026-03-26 18:41:56,849 - INFO - request.py:38 - 【请求数据】{'accessId': 'access_id_3', 'accessKey': 'access_key_3', 'code': '0159', 'phone': '1712134944'}
2026-03-26 18:41:57,317 - INFO - request.py:43 - 【响应码】200
2026-03-26 18:41:57,318 - INFO - request.py:44 - 【响应体】{'message': 'success', 'code': 0, 'success': True, 'data': {'token': 'Consumer_e1b1d540-bda4-40f9-8889-21a79b4faefe', 'role': 'CUSTOMER', 'customer': {'id': 15178602, 'createdAt': '2025-03-07T09:37:40Z', 'updatedAt': '2026-03-26T10:41:57Z', 'deletedAt': None, 'deleted': False, 'accountId': 3, 'firstName': None, 'lastName': None, 'name': 'test_name', 'email': None, 'phone': '1712134944', 'workPhone': None, 'country': None, 'district': None, 'postalCode': '', 'address1': None, 'address2': None, 'status': 1, 'salt': None, 'password': None, 'avatar': None, 'externalCustomerId': None, 'channel': None, 'subChannel': None, 'subChannelDetail': None, 'isCompleteProfile': False, 'expoToken': None, 'birthDay': None, 'birthYear': None, 'gender': None, 'genderName': None, 'systemCreatedAt': '2025-03-07 09:37:40', 'enrolledAt': '2025-03-07T09:37:40Z', 'city': '', 'address': '', 'province': None, 'region': None, 'localLanguage': None, 'os': None, 'osVersion': None, 'appVersion': None, 'deviceDetail': None, 'userType': None, 'retailerId': None, 'expirationType': None, 'readPiiPolicy': None, 'loginAt': '2026-03-26 10:41:57', 'completeProfile': False}, 'retailer': None, 'retailerSubAccount': None, 'account': {'id': 3, 'country': 'MY', 'region': None, 'city': 'Malaysia', 'state': '', 'countryCode': 'MY', 'zip': '+8', 'description': 'Malaysia Account', 'logo': '+60', 'status': 0, 'address1': 'Malaysia', 'address2': 'Malaysia', 'website': '2 ss', 'timezone': '8.0'}, 'isIdentityBind': None}}
2026-03-26 18:41:59,431 - DEBUG - test_customer_main_flow.py:34 - =========vehicle_init{'id': None, 'manufacturer_id': 2001, 'model_id': 8002, 'plate_number': 'CNQ4272', 'model_name': None, 'manufacturer_name': None, 'company_car': True}===========
2026-03-26 18:41:59,432 - INFO - request.py:36 - 【请求】POST https://conti-tcp-stage.merklechina.com/account/3/customer/add/vehicle None
2026-03-26 18:41:59,432 - INFO - request.py:37 - 【headers】{'Content-Type': 'application/json', 'app-ver': '3.0.0', 'language': 'en_MY', 'Authorization': 'Consumer_e1b1d540-bda4-40f9-8889-21a79b4faefe'}
2026-03-26 18:41:59,432 - INFO - request.py:38 - 【请求数据】{'customerId': 15178602, 'imageUrl': '', 'manufacturerId': 2001, 'modelId': 8002, 'plateNumber': 'CNQ4272', 'modelName': None, 'manufacturerName': None, 'companyCar': True}
2026-03-26 18:41:59,751 - INFO - request.py:43 - 【响应码】200
2026-03-26 18:41:59,751 - INFO - request.py:44 - 【响应体】{'message': 'success', 'code': 0, 'success': True, 'data': {'id': 1530028, 'createdAt': '2026-03-26T10:41:59Z', 'updatedAt': '2026-03-26T10:41:59Z', 'deletedAt': None, 'deleted': False, 'accountId': 3, 'manufacturerId': 2001, 'modelId': 8002, 'categoryId': 2, 'plateNumber': 'CNQ4272', 'imageUrl': '', 'customerId': 15178602, 'purchaseDate': None, 'categoryName': 'PASSENGER CAR', 'modelName': None, 'manufacturerName': None, 'type': None, 'configurationName': None, 'applicationName': None, 'plateHead': None, 'plateEnd': None, 'companyCar': True, 'tyreRegistrationItems': None, 'cases': None}}
2026-03-26 18:41:59,754 - INFO - extract.py:40 - 【数据提取】data.id = 1530028
2026-03-26 18:41:59,754 - DEBUG - test_customer_main_flow.py:42 - =========vehicle{'id': None, 'manufacturer_id': 2001, 'model_id': 8002, 'plate_number': 'CNQ4272', 'model_name': None, 'manufacturer_name': None, 'company_car': True}===========
2026-03-26 18:41:59,755 - INFO - request.py:36 - 【请求】POST https://conti-tcp-stage.merklechina.com/account/3/customer/register/tyre None
2026-03-26 18:41:59,755 - INFO - request.py:37 - 【headers】{'Content-Type': 'application/json', 'app-ver': '3.0.0', 'language': 'en_MY', 'Authorization': 'Consumer_e1b1d540-bda4-40f9-8889-21a79b4faefe'}
2026-03-26 18:41:59,755 - INFO - request.py:38 - 【请求数据】{'accountId': 3, 'appVersion': '1.9.14.56', 'comments': '', 'customerId': 15178602, 'customerName': 'test_name', 'customerVehicleId': None, 'deviceDetail': 'iOS', 'email': None, 'inviteCode': '', 'invoiceNumber': None, 'mileage': 38335, 'mileageImage': None, 'operatorId': 15178602, 'operatorType': 'CUSTOMER', 'os': 'ios', 'osVersion': '26.2', 'phone': '1712134944', 'plateNumber': 'CNQ4272', 'proofOfPurchase': 'https://d32iiblykc5ytf.cloudfront.net/case/20251218/bd704e7f-4b2e-4b26-bd51-3008e88b42ca.jpg', 'purchaseDate': '2026-03-24', 'registrationItems': [{'articleCode': '03113770000', 'dotWeek': '0126', 'initalMileage': 38335, 'internalProductId': None, 'origin': 'MY', 'plantCode': '1AF', 'productAspect': 45, 'brandName': 'Continental', 'productDot': '1AF0327RY', 'productId': '1111111117', 'productPattern': 'UltraContact UC6 SUV', 'productRim': 19, 'productSection': 205, 'serialNumberImage': '', 'wheelPostion': '1'}, {'articleCode': '03113770000', 'dotWeek': '0126', 'initalMileage': 38335, 'internalProductId': None, 'origin': 'MY', 'plantCode': '1AF', 'productAspect': 65, 'brandName': 'Continental', 'productDot': '1AF0327RY', 'productId': '1111111118', 'productPattern': 'UltraContact UC6 SUV', 'productRim': 20, 'productSection': 195, 'serialNumberImage': '', 'wheelPostion': '2'}], 'retailerId': 214999, 'retailerName': 'test retailer2'}
2026-03-26 18:42:00,589 - INFO - request.py:43 - 【响应码】200
2026-03-26 18:42:00,589 - INFO - request.py:44 - 【响应体】{'message': 'Vehicle id, customer id and plate number mismatching!', 'code': 3023, 'success': False, 'data': None}
